Unity Editor version:    2020.3.27f1 (e759542391ea)
Branch:                  2020.3/release
Build type:              Release
Batch mode:              YES
macOS version:           Version 11.7.10 (Build 20G1427)
Darwin version:          20.6.0
Architecture:            x86_64
Running under Rosetta:   NO
Available memory:        16384 MB
Using pre-set license
Pro License: NO

COMMAND LINE ARGUMENTS:
/Applications/2020.3.27f1/Unity.app/Contents/MacOS/Unity
-adb2
-batchMode
-noUpm
-name
AssetImportWorker0
-projectPath
/Users/game12/flappy bird
-logFile
Logs/AssetImportWorker0.log
-srvPort
49807
Successfully changed project path to: /Users/game12/flappy bird
/Users/game12/flappy bird
Using Asset Import Pipeline V2.
Refreshing native plugins compatible for Editor in 10.34 ms, found 1 plugins.
Preloading 0 native plugins for Editor in 0.00 ms.
Initialize engine version: 2020.3.27f1 (e759542391ea)
[Subsystems] Discovering subsystems at path /Applications/2020.3.27f1/Unity.app/Contents/Resources/UnitySubsystems
[Subsystems] Discovering subsystems at path /Users/game12/flappy bird/Assets
GfxDevice: creating device client; threaded=0
2025-05-21 08:39:06.037 Unity[2732:136750] iMac preferred device: AMD Radeon Pro 5500 XT (high power)
2025-05-21 08:39:06.037 Unity[2732:136750] Metal devices available: 1
2025-05-21 08:39:06.037 Unity[2732:136750] 0: AMD Radeon Pro 5500 XT (high power)
2025-05-21 08:39:06.037 Unity[2732:136750] Using device AMD Radeon Pro 5500 XT (high power)
Initializing Metal device caps: AMD Radeon Pro 5500 XT
Initialize mono
Mono path[0] = '/Applications/2020.3.27f1/Unity.app/Contents/Managed'
Mono path[1] = '/Applications/2020.3.27f1/Unity.app/Contents/MonoBleedingEdge/lib/mono/unityjit'
Mono config path = '/Applications/2020.3.27f1/Unity.app/Contents/MonoBleedingEdge/etc'
Using monoOptions --debugger-agent=transport=dt_socket,embedding=1,server=y,suspend=n,address=127.0.0.1:56732
Begin MonoManager ReloadAssembly
Registering precompiled unity dll's ...
Register platform support module: /Applications/2020.3.27f1/Unity.app/Contents/PlaybackEngines/MacStandaloneSupport/UnityEditor.OSXStandalone.Extensions.dll
Registered in 0.000447 seconds.
Native extension for OSXStandalone target not found
Refreshing native plugins compatible for Editor in 10.71 ms, found 1 plugins.
Preloading 0 native plugins for Editor in 0.00 ms.
Mono: successfully reloaded assembly
- Completed reload, in  0.500 seconds
Domain Reload Profiling:
	ReloadAssembly (500ms)
		BeginReloadAssembly (37ms)
			ExecutionOrderSort (0ms)
			DisableScriptedObjects (0ms)
			BackupInstance (0ms)
			ReleaseScriptingObjects (0ms)
			CreateAndSetChildDomain (1ms)
		EndReloadAssembly (398ms)
			LoadAssemblies (36ms)
			RebuildTransferFunctionScriptingTraits (0ms)
			SetupTypeCache (157ms)
			ReleaseScriptCaches (0ms)
			RebuildScriptCaches (32ms)
			SetupLoadedEditorAssemblies (137ms)
				LogAssemblyErrors (0ms)
				InitializePlatformSupportModulesInManaged (4ms)
				SetLoadedEditorAssemblies (0ms)
				RefreshPlugins (11ms)
				BeforeProcessingInitializeOnLoad (6ms)
				ProcessInitializeOnLoadAttributes (90ms)
				ProcessInitializeOnLoadMethodAttributes (25ms)
				AfterProcessingInitializeOnLoad (0ms)
				EditorAssembliesLoaded (0ms)
			ExecutionOrderSort2 (0ms)
			AwakeInstancesAfterBackupRestoration (0ms)
Platform modules already initialized, skipping
Registering precompiled user dll's ...
Registered in 0.000182 seconds.
Begin MonoManager ReloadAssembly
Native extension for OSXStandalone target not found
Refreshing native plugins compatible for Editor in 10.33 ms, found 1 plugins.
Preloading 0 native plugins for Editor in 0.00 ms.
Mono: successfully reloaded assembly
- Completed reload, in  0.762 seconds
Domain Reload Profiling:
	ReloadAssembly (762ms)
		BeginReloadAssembly (139ms)
			ExecutionOrderSort (0ms)
			DisableScriptedObjects (4ms)
			BackupInstance (0ms)
			ReleaseScriptingObjects (0ms)
			CreateAndSetChildDomain (26ms)
		EndReloadAssembly (567ms)
			LoadAssemblies (33ms)
			RebuildTransferFunctionScriptingTraits (0ms)
			SetupTypeCache (196ms)
			ReleaseScriptCaches (0ms)
			RebuildScriptCaches (42ms)
			SetupLoadedEditorAssemblies (158ms)
				LogAssemblyErrors (0ms)
				InitializePlatformSupportModulesInManaged (3ms)
				SetLoadedEditorAssemblies (0ms)
				RefreshPlugins (10ms)
				BeforeProcessingInitializeOnLoad (37ms)
				ProcessInitializeOnLoadAttributes (94ms)
				ProcessInitializeOnLoadMethodAttributes (11ms)
				AfterProcessingInitializeOnLoad (1ms)
				EditorAssembliesLoaded (0ms)
			ExecutionOrderSort2 (0ms)
			AwakeInstancesAfterBackupRestoration (6ms)
Platform modules already initialized, skipping
Validating Project structure ... 0.000387 seconds.
Shader import version has changed; will reimport all shaders...
Upgrading shader files ...0.000461 seconds.
Application.AssetDatabase Initial Script Refresh Start
RefreshInfo: InitialScriptRefreshV2(NoUpdateAssetOptions) scanfilter:  ... 1 filters
RefreshProfiler: Total: 0.000ms
Application.AssetDatabase Initial Script Refresh End
Application.AssetDatabase.Refresh Start
Application.AssetDatabase.Refresh End
RefreshInfo: StopAssetImportingV2(ForceSynchronousImport) scanfilter: 
RefreshProfiler: Total: 0.000ms
Launching external process: /Applications/2020.3.27f1/Unity.app/Contents/Tools/UnityShaderCompiler
Launched and connected shader compiler UnityShaderCompiler after 0.01 seconds
Initializing Unity extensions:
========================================================================
Worker process is ready to serve import requests
Refreshing native plugins compatible for Editor in 0.18 ms, found 1 plugins.
Preloading 0 native plugins for Editor in 0.00 ms.
Unloading 1024 Unused Serialized files (Serialized files now loaded: 0)
System memory in use before: 154.1 MB.
System memory in use after: 153.3 MB.

Unloading 83 unused Assets to reduce memory usage. Loaded Objects now: 1505.
Total: 2.482705 ms (FindLiveObjects: 0.096000 ms CreateObjectMapping: 0.029200 ms MarkObjects: 1.959566 ms  DeleteObjects: 0.397385 ms)

AssetImportParameters requested are different than current active one (requested -> active):
  custom:video-decoder-ogg-theora: a1e56fd34408186e4bbccfd4996cb3dc -> 
  custom:container-muxer-webm: aa71ff27fc2769a1b78a27578f13a17b -> 
  custom:container-demuxer-webm: 4f35f7cbe854078d1ac9338744f61a02 -> 
  custom:container-demuxer-ogg: 62fdf1f143b41e24485cea50d1cbac27 -> 
  custom:video-encoder-webm-vp8: eb34c28f22e8b96e1ab97ce403110664 -> 
  custom:framework-osx-AVFoundation: e770b220cccbd017edd2c1fefb359320 -> 
  custom:video-decoder-webm-vp8: 9c59270c3fd7afecdb556c50c9e8de78 -> 
  custom:audio-decoder-ogg-vorbis: bf7c407c2cedff20999df2af8eb42d56 -> 
  custom:audio-encoder-webm-vorbis: bf7c407c2cedff20999df2af8eb42d56 -> 
========================================================================
Received Import Request.
  path: Assets/scrips/BirdController.cs
  artifactKey: Guid(764971bcb5cf248459b0cfd5ee8b02b6) Importer(815301076,1909f56bfc062723c751e8b465ee728b)
Start importing Assets/scrips/BirdController.cs using Guid(764971bcb5cf248459b0cfd5ee8b02b6) Importer(815301076,1909f56bfc062723c751e8b465ee728b)  -> (artifact id: 'f4ffe8ae0d89d94c13a9b5a9feb18df5') in 0.293128 seconds 
  Import took 0.297606 seconds .

========================================================================
Received Prepare
Registering precompiled user dll's ...
Registered in 0.000191 seconds.
Begin MonoManager ReloadAssembly
Native extension for OSXStandalone target not found
Refreshing native plugins compatible for Editor in 0.17 ms, found 1 plugins.
Preloading 0 native plugins for Editor in 0.00 ms.
Mono: successfully reloaded assembly
- Completed reload, in  0.705 seconds
Domain Reload Profiling:
	ReloadAssembly (705ms)
		BeginReloadAssembly (88ms)
			ExecutionOrderSort (0ms)
			DisableScriptedObjects (6ms)
			BackupInstance (0ms)
			ReleaseScriptingObjects (0ms)
			CreateAndSetChildDomain (35ms)
		EndReloadAssembly (563ms)
			LoadAssemblies (32ms)
			RebuildTransferFunctionScriptingTraits (0ms)
			SetupTypeCache (191ms)
			ReleaseScriptCaches (0ms)
			RebuildScriptCaches (37ms)
			SetupLoadedEditorAssemblies (194ms)
				LogAssemblyErrors (0ms)
				InitializePlatformSupportModulesInManaged (4ms)
				SetLoadedEditorAssemblies (0ms)
				RefreshPlugins (0ms)
				BeforeProcessingInitializeOnLoad (61ms)
				ProcessInitializeOnLoadAttributes (121ms)
				ProcessInitializeOnLoadMethodAttributes (6ms)
				AfterProcessingInitializeOnLoad (1ms)
				EditorAssembliesLoaded (0ms)
			ExecutionOrderSort2 (0ms)
			AwakeInstancesAfterBackupRestoration (8ms)
Platform modules already initialized, skipping
Refreshing native plugins compatible for Editor in 0.14 ms, found 1 plugins.
Preloading 0 native plugins for Editor in 0.00 ms.
Unloading 1012 Unused Serialized files (Serialized files now loaded: 0)
System memory in use before: 156.1 MB.
System memory in use after: 156.2 MB.

Unloading 3 unused Assets to reduce memory usage. Loaded Objects now: 1505.
Total: 1.866167 ms (FindLiveObjects: 0.089775 ms CreateObjectMapping: 0.023147 ms MarkObjects: 1.745787 ms  DeleteObjects: 0.006877 ms)

AssetImportParameters requested are different than current active one (requested -> active):
  custom:video-decoder-ogg-theora: a1e56fd34408186e4bbccfd4996cb3dc -> 
  custom:container-muxer-webm: aa71ff27fc2769a1b78a27578f13a17b -> 
  custom:container-demuxer-webm: 4f35f7cbe854078d1ac9338744f61a02 -> 
  custom:container-demuxer-ogg: 62fdf1f143b41e24485cea50d1cbac27 -> 
  custom:video-encoder-webm-vp8: eb34c28f22e8b96e1ab97ce403110664 -> 
  custom:framework-osx-AVFoundation: e770b220cccbd017edd2c1fefb359320 -> 
  custom:video-decoder-webm-vp8: 9c59270c3fd7afecdb556c50c9e8de78 -> 
  custom:audio-decoder-ogg-vorbis: bf7c407c2cedff20999df2af8eb42d56 -> 
  custom:audio-encoder-webm-vorbis: bf7c407c2cedff20999df2af8eb42d56 -> 
========================================================================
Received Import Request.
  Time since last request: 114.941911 seconds.
  path: Assets/scrips/BirdController.cs
  artifactKey: Guid(764971bcb5cf248459b0cfd5ee8b02b6) Importer(815301076,1909f56bfc062723c751e8b465ee728b)
Start importing Assets/scrips/BirdController.cs using Guid(764971bcb5cf248459b0cfd5ee8b02b6) Importer(815301076,1909f56bfc062723c751e8b465ee728b)  -> (artifact id: 'b03d852024dcdc4c0029d0a4ee8d7b57') in 0.002860 seconds 
  Import took 0.004110 seconds .

========================================================================
Received Import Request.
  Time since last request: 110.670232 seconds.
  path: Assets/prefabs/pipes.prefab
  artifactKey: Guid(82713397fa0e44cc4ac7a293b880419d) Importer(815301076,1909f56bfc062723c751e8b465ee728b)
Start importing Assets/prefabs/pipes.prefab using Guid(82713397fa0e44cc4ac7a293b880419d) Importer(815301076,1909f56bfc062723c751e8b465ee728b)  -> (artifact id: '2df3aa7c943392b1002330b3bae6db6f') in 0.879669 seconds 
  Import took 0.883217 seconds .

========================================================================
Received Prepare
Registering precompiled user dll's ...
Registered in 0.000189 seconds.
Begin MonoManager ReloadAssembly
Native extension for OSXStandalone target not found
Refreshing native plugins compatible for Editor in 0.17 ms, found 1 plugins.
Preloading 0 native plugins for Editor in 0.00 ms.
Mono: successfully reloaded assembly
- Completed reload, in  0.706 seconds
Domain Reload Profiling:
	ReloadAssembly (706ms)
		BeginReloadAssembly (88ms)
			ExecutionOrderSort (0ms)
			DisableScriptedObjects (6ms)
			BackupInstance (0ms)
			ReleaseScriptingObjects (0ms)
			CreateAndSetChildDomain (34ms)
		EndReloadAssembly (563ms)
			LoadAssemblies (32ms)
			RebuildTransferFunctionScriptingTraits (0ms)
			SetupTypeCache (188ms)
			ReleaseScriptCaches (0ms)
			RebuildScriptCaches (37ms)
			SetupLoadedEditorAssemblies (197ms)
				LogAssemblyErrors (0ms)
				InitializePlatformSupportModulesInManaged (4ms)
				SetLoadedEditorAssemblies (0ms)
				RefreshPlugins (0ms)
				BeforeProcessingInitializeOnLoad (64ms)
				ProcessInitializeOnLoadAttributes (121ms)
				ProcessInitializeOnLoadMethodAttributes (7ms)
				AfterProcessingInitializeOnLoad (1ms)
				EditorAssembliesLoaded (0ms)
			ExecutionOrderSort2 (0ms)
			AwakeInstancesAfterBackupRestoration (8ms)
Platform modules already initialized, skipping
Refreshing native plugins compatible for Editor in 0.15 ms, found 1 plugins.
Preloading 0 native plugins for Editor in 0.00 ms.
Unloading 1012 Unused Serialized files (Serialized files now loaded: 0)
System memory in use before: 160.8 MB.
System memory in use after: 160.9 MB.

Unloading 3 unused Assets to reduce memory usage. Loaded Objects now: 1511.
Total: 1.809433 ms (FindLiveObjects: 0.077111 ms CreateObjectMapping: 0.023677 ms MarkObjects: 1.700760 ms  DeleteObjects: 0.007311 ms)

AssetImportParameters requested are different than current active one (requested -> active):
  custom:video-decoder-ogg-theora: a1e56fd34408186e4bbccfd4996cb3dc -> 
  custom:container-muxer-webm: aa71ff27fc2769a1b78a27578f13a17b -> 
  custom:container-demuxer-webm: 4f35f7cbe854078d1ac9338744f61a02 -> 
  custom:container-demuxer-ogg: 62fdf1f143b41e24485cea50d1cbac27 -> 
  custom:video-encoder-webm-vp8: eb34c28f22e8b96e1ab97ce403110664 -> 
  custom:framework-osx-AVFoundation: e770b220cccbd017edd2c1fefb359320 -> 
  custom:video-decoder-webm-vp8: 9c59270c3fd7afecdb556c50c9e8de78 -> 
  custom:audio-decoder-ogg-vorbis: bf7c407c2cedff20999df2af8eb42d56 -> 
  custom:audio-encoder-webm-vorbis: bf7c407c2cedff20999df2af8eb42d56 -> 
========================================================================
Received Import Request.
  Time since last request: 57.040990 seconds.
  path: Assets/prefabs/pipes.prefab
  artifactKey: Guid(82713397fa0e44cc4ac7a293b880419d) Importer(815301076,1909f56bfc062723c751e8b465ee728b)
Start importing Assets/prefabs/pipes.prefab using Guid(82713397fa0e44cc4ac7a293b880419d) Importer(815301076,1909f56bfc062723c751e8b465ee728b)  -> (artifact id: '698fd912d3437d7b37bcbe997d2dc117') in 0.046173 seconds 
  Import took 0.047950 seconds .

========================================================================
Received Import Request.
  Time since last request: 10.659957 seconds.
  path: Assets/prefabs/pipes.prefab
  artifactKey: Guid(82713397fa0e44cc4ac7a293b880419d) Importer(815301076,1909f56bfc062723c751e8b465ee728b)
Start importing Assets/prefabs/pipes.prefab using Guid(82713397fa0e44cc4ac7a293b880419d) Importer(815301076,1909f56bfc062723c751e8b465ee728b)  -> (artifact id: 'f55a92a0887fd5a3088bde2c2db7019a') in 0.007822 seconds 
  Import took 0.009501 seconds .

========================================================================
Received Import Request.
  Time since last request: 88.507721 seconds.
  path: Assets/prefabs/pipes.prefab
  artifactKey: Guid(82713397fa0e44cc4ac7a293b880419d) Importer(815301076,1909f56bfc062723c751e8b465ee728b)
Start importing Assets/prefabs/pipes.prefab using Guid(82713397fa0e44cc4ac7a293b880419d) Importer(815301076,1909f56bfc062723c751e8b465ee728b)  -> (artifact id: '1afaaba74c8971fa8b70b8ac754cbc90') in 0.010432 seconds 
  Import took 0.012008 seconds .

========================================================================
Received Import Request.
  Time since last request: 30.012242 seconds.
  path: Assets/prefabs/pipes.prefab
  artifactKey: Guid(82713397fa0e44cc4ac7a293b880419d) Importer(815301076,1909f56bfc062723c751e8b465ee728b)
Start importing Assets/prefabs/pipes.prefab using Guid(82713397fa0e44cc4ac7a293b880419d) Importer(815301076,1909f56bfc062723c751e8b465ee728b)  -> (artifact id: 'bb38bf49d093b88f8a1cd5e942c63aba') in 0.007971 seconds 
  Import took 0.009727 seconds .

========================================================================
Received Import Request.
  Time since last request: 128.431432 seconds.
  path: Assets/prefabs/pipes.prefab
  artifactKey: Guid(82713397fa0e44cc4ac7a293b880419d) Importer(815301076,1909f56bfc062723c751e8b465ee728b)
Start importing Assets/prefabs/pipes.prefab using Guid(82713397fa0e44cc4ac7a293b880419d) Importer(815301076,1909f56bfc062723c751e8b465ee728b)  -> (artifact id: '4f0caa5c04a70e387f86c68e4657218d') in 0.008549 seconds 
  Import took 0.010319 seconds .

========================================================================
Received Import Request.
  Time since last request: 23.297479 seconds.
  path: Assets/prefabs/pipes.prefab
  artifactKey: Guid(82713397fa0e44cc4ac7a293b880419d) Importer(815301076,1909f56bfc062723c751e8b465ee728b)
Start importing Assets/prefabs/pipes.prefab using Guid(82713397fa0e44cc4ac7a293b880419d) Importer(815301076,1909f56bfc062723c751e8b465ee728b)  -> (artifact id: 'c67b72983af56be9d60ed988736e7595') in 0.008162 seconds 
  Import took 0.009894 seconds .

========================================================================
Received Import Request.
  Time since last request: 6.265538 seconds.
  path: Assets/prefabs/pipes.prefab
  artifactKey: Guid(82713397fa0e44cc4ac7a293b880419d) Importer(815301076,1909f56bfc062723c751e8b465ee728b)
Start importing Assets/prefabs/pipes.prefab using Guid(82713397fa0e44cc4ac7a293b880419d) Importer(815301076,1909f56bfc062723c751e8b465ee728b)  -> (artifact id: 'f18e8abd9d6e886a0a51f4f6f27a6f38') in 0.007948 seconds 
  Import took 0.009510 seconds .

========================================================================
Received Import Request.
  Time since last request: 24.305338 seconds.
  path: Assets/prefabs/pipes.prefab
  artifactKey: Guid(82713397fa0e44cc4ac7a293b880419d) Importer(815301076,1909f56bfc062723c751e8b465ee728b)
Start importing Assets/prefabs/pipes.prefab using Guid(82713397fa0e44cc4ac7a293b880419d) Importer(815301076,1909f56bfc062723c751e8b465ee728b)  -> (artifact id: '8a74b00d7eee9c89f56b3c1a546fb82e') in 0.007580 seconds 
  Import took 0.009352 seconds .

========================================================================
Received Import Request.
  Time since last request: 73.299998 seconds.
  path: Assets/prefabs/pipes.prefab
  artifactKey: Guid(82713397fa0e44cc4ac7a293b880419d) Importer(815301076,1909f56bfc062723c751e8b465ee728b)
Start importing Assets/prefabs/pipes.prefab using Guid(82713397fa0e44cc4ac7a293b880419d) Importer(815301076,1909f56bfc062723c751e8b465ee728b)  -> (artifact id: '722a262d43fa899aaf4fa57064d7dd67') in 0.008451 seconds 
  Import took 0.010061 seconds .

========================================================================
Received Import Request.
  Time since last request: 6.276674 seconds.
  path: Assets/prefabs/pipes.prefab
  artifactKey: Guid(82713397fa0e44cc4ac7a293b880419d) Importer(815301076,1909f56bfc062723c751e8b465ee728b)
Start importing Assets/prefabs/pipes.prefab using Guid(82713397fa0e44cc4ac7a293b880419d) Importer(815301076,1909f56bfc062723c751e8b465ee728b)  -> (artifact id: 'cd9f553f4c1cef9f14e303852a532d6e') in 0.008703 seconds 
  Import took 0.010490 seconds .

========================================================================
Received Import Request.
  Time since last request: 5.064834 seconds.
  path: Assets/prefabs/pipes.prefab
  artifactKey: Guid(82713397fa0e44cc4ac7a293b880419d) Importer(815301076,1909f56bfc062723c751e8b465ee728b)
Start importing Assets/prefabs/pipes.prefab using Guid(82713397fa0e44cc4ac7a293b880419d) Importer(815301076,1909f56bfc062723c751e8b465ee728b)  -> (artifact id: 'a4797b1b0b49c7c6b7c0cdfe99d1936b') in 0.007944 seconds 
  Import took 0.009790 seconds .

========================================================================
Received Import Request.
  Time since last request: 3.040682 seconds.
  path: Assets/prefabs/pipes.prefab
  artifactKey: Guid(82713397fa0e44cc4ac7a293b880419d) Importer(815301076,1909f56bfc062723c751e8b465ee728b)
Start importing Assets/prefabs/pipes.prefab using Guid(82713397fa0e44cc4ac7a293b880419d) Importer(815301076,1909f56bfc062723c751e8b465ee728b)  -> (artifact id: '70221a94c65e7f2746f2f330293ee0b5') in 0.008038 seconds 
  Import took 0.009650 seconds .

========================================================================
Received Import Request.
  Time since last request: 1.824972 seconds.
  path: Assets/prefabs/pipes.prefab
  artifactKey: Guid(82713397fa0e44cc4ac7a293b880419d) Importer(815301076,1909f56bfc062723c751e8b465ee728b)
Start importing Assets/prefabs/pipes.prefab using Guid(82713397fa0e44cc4ac7a293b880419d) Importer(815301076,1909f56bfc062723c751e8b465ee728b)  -> (artifact id: 'b1d9878fe545f1b950dd1a4b82686e2e') in 0.008891 seconds 
  Import took 0.010650 seconds .

========================================================================
Received Import Request.
  Time since last request: 4.075268 seconds.
  path: Assets/prefabs/pipes.prefab
  artifactKey: Guid(82713397fa0e44cc4ac7a293b880419d) Importer(815301076,1909f56bfc062723c751e8b465ee728b)
Start importing Assets/prefabs/pipes.prefab using Guid(82713397fa0e44cc4ac7a293b880419d) Importer(815301076,1909f56bfc062723c751e8b465ee728b)  -> (artifact id: '5ce791cb6bec8c490ff6b7c77b781cef') in 0.007820 seconds 
  Import took 0.009394 seconds .

========================================================================
Received Import Request.
  Time since last request: 24.976101 seconds.
  path: ProjectSettings/TagManager.asset
  artifactKey: Guid(00000000000000003000000000000000) Importer(815301076,1909f56bfc062723c751e8b465ee728b)
Start importing ProjectSettings/TagManager.asset using Guid(00000000000000003000000000000000) Importer(815301076,1909f56bfc062723c751e8b465ee728b)  -> (artifact id: '95df672b4aaba54310d34c83eef51bb8') in 0.223401 seconds 
  Import took 0.226505 seconds .

========================================================================
Received Import Request.
  Time since last request: 33.151138 seconds.
  path: Assets/prefabs/pipes.prefab
  artifactKey: Guid(82713397fa0e44cc4ac7a293b880419d) Importer(815301076,1909f56bfc062723c751e8b465ee728b)
Start importing Assets/prefabs/pipes.prefab using Guid(82713397fa0e44cc4ac7a293b880419d) Importer(815301076,1909f56bfc062723c751e8b465ee728b)  -> (artifact id: '3f61590599847eaaff9b1de279f70289') in 0.006649 seconds 
  Import took 0.008780 seconds .

========================================================================
Received Import Request.
  Time since last request: 69.716091 seconds.
  path: Assets/scrips/BirdController.cs
  artifactKey: Guid(764971bcb5cf248459b0cfd5ee8b02b6) Importer(815301076,1909f56bfc062723c751e8b465ee728b)
Start importing Assets/scrips/BirdController.cs using Guid(764971bcb5cf248459b0cfd5ee8b02b6) Importer(815301076,1909f56bfc062723c751e8b465ee728b)  -> (artifact id: '552a35360d0f7f81d6ff075b295a7aea') in 0.001487 seconds 
  Import took 0.002942 seconds .

========================================================================
Received Import Request.
  Time since last request: 16.413509 seconds.
  path: Assets/scrips/BirdController.cs
  artifactKey: Guid(764971bcb5cf248459b0cfd5ee8b02b6) Importer(815301076,1909f56bfc062723c751e8b465ee728b)
Start importing Assets/scrips/BirdController.cs using Guid(764971bcb5cf248459b0cfd5ee8b02b6) Importer(815301076,1909f56bfc062723c751e8b465ee728b)  -> (artifact id: 'c32e3fec62383e64d5c7ee5e1f466573') in 0.001395 seconds 
  Import took 0.002767 seconds .

AssetImportWorkerClient::OnTransportError - code=2 error=End of file
